2023-04-13 11:35:10,119 :INFO : test_e2e :getting all the card titles
2023-04-13 11:35:10,143 :INFO : test_e2e :iphone X
2023-04-13 11:35:10,153 :INFO : test_e2e :Samsung Note 8
2023-04-13 11:35:10,163 :INFO : test_e2e :Nokia Edge
2023-04-13 11:35:10,173 :INFO : test_e2e :Blackberry
2023-04-13 11:35:10,300 :INFO : test_e2e :Entering country name as ind
2023-04-13 11:40:21,756 :INFO : test_e2e :getting all the card titles
2023-04-13 11:40:21,778 :INFO : test_e2e :iphone X
2023-04-13 11:40:21,787 :INFO : test_e2e :Samsung Note 8
2023-04-13 11:40:21,798 :INFO : test_e2e :Nokia Edge
2023-04-13 11:40:21,808 :INFO : test_e2e :Blackberry
2023-04-13 11:40:21,935 :INFO : test_e2e :Entering country name as ind
2023-04-13 12:05:09,432 :INFO : test_e2e :getting all the card titles
2023-04-13 12:05:09,455 :INFO : test_e2e :iphone X
2023-04-13 12:05:09,466 :INFO : test_e2e :Samsung Note 8
2023-04-13 12:05:09,476 :INFO : test_e2e :Nokia Edge
2023-04-13 12:05:09,486 :INFO : test_e2e :Blackberry
2023-04-13 12:05:09,620 :INFO : test_e2e :Entering country name as ind
2023-04-18 12:02:04,717 :INFO : test_e2e :getting all the card titles
2023-04-18 12:02:04,747 :INFO : test_e2e :iphone X
2023-04-18 12:02:04,757 :INFO : test_e2e :Samsung Note 8
2023-04-18 12:02:04,767 :INFO : test_e2e :Nokia Edge
2023-04-18 12:02:04,776 :INFO : test_e2e :Blackberry
2023-04-18 12:02:04,900 :INFO : test_e2e :Entering country name as ind
2023-04-18 12:02:10,038 :INFO : test_e2e :Text received from application is ×
Success! Thank you! Your order will be delivered in next few weeks :-).
2023-04-18 12:02:11,764 :INFO : test_formSubmission :first name is Rakshit
2023-04-18 19:59:33,609 :INFO : test_e2e :getting all the card titles
2023-04-18 19:59:33,633 :INFO : test_e2e :iphone X
2023-04-18 19:59:33,643 :INFO : test_e2e :Samsung Note 8
2023-04-18 19:59:33,654 :INFO : test_e2e :Nokia Edge
2023-04-18 19:59:33,664 :INFO : test_e2e :Blackberry
2023-04-18 19:59:33,791 :INFO : test_e2e :Entering country name as ind
2023-04-18 19:59:38,949 :INFO : test_e2e :Text received from application is ×
Success! Thank you! Your order will be delivered in next few weeks :-).
2023-04-18 19:59:40,786 :INFO : test_formSubmission :first name is Rakshit
2023-04-20 14:41:08,715 :INFO : test_formSubmission :first name is Rakshit
2023-04-21 10:05:02,393 :INFO : test_formSubmission :first name is Rakshit
2023-04-21 10:06:11,949 :INFO : test_formSubmission :first name is Rakshit
2023-04-21 10:06:53,147 :INFO : test_formSubmission :first name is Rakshit
2023-04-26 11:49:06,940 :INFO : test_formSubmission :first name is Rakshit
2023-05-02 11:53:14,223 :INFO : test_formSubmission :first name is Rakshit
2023-05-02 14:02:58,147 :INFO : test_formSubmission :first name is Rakshit
2023-05-08 12:40:36,053 :INFO : test_formSubmission :first name is Rakshit
2023-05-09 13:27:15,961 :INFO : test_formSubmission :first name is Rakshit
2023-05-09 13:30:10,158 :INFO : test_formSubmission :first name is Rakshit
2023-05-09 13:59:58,205 :INFO : test_formSubmission :first name is Rakshit
